Detecting C [-std=c11] compiler features failed to compile with the following output:
Change Dir: /home/esteban/Documentos/TEC/1S 2019/Algoritomos y estructuras de datos II/4. Proyectos/Proyecto #1/Scrabble/ServerProject/cmake-build-debug/CMakeFiles/CMakeTmp

Run Build Command:"/usr/bin/make" "cmTC_f5e59/fast"
/usr/bin/make -f CMakeFiles/cmTC_f5e59.dir/build.make CMakeFiles/cmTC_f5e59.dir/build
make[1]: se entra en el directorio '/home/esteban/Documentos/TEC/1S 2019/Algoritomos y estructuras de datos II/4. Proyectos/Proyecto #1/Scrabble/ServerProject/cmake-build-debug/CMakeFiles/CMakeTmp'
make[1]: *** No hay ninguna regla para construir el objetivo '/home/esteban/Documentos/TEC/1S 2019/Algoritomos y estructuras de datos II/4. Proyectos/Proyecto\', necesario para 'CMakeFiles/cmTC_f5e59.dir/feature_tests.c.o'.  Alto.
make[1]: se sale del directorio '/home/esteban/Documentos/TEC/1S 2019/Algoritomos y estructuras de datos II/4. Proyectos/Proyecto #1/Scrabble/ServerProject/cmake-build-debug/CMakeFiles/CMakeTmp'
Makefile:121: recipe for target 'cmTC_f5e59/fast' failed
make: *** [cmTC_f5e59/fast] Error 2



Detecting CXX [-std=c++1z] compiler features failed to compile with the following output:
Change Dir: /home/esteban/Documentos/TEC/1S 2019/Algoritomos y estructuras de datos II/4. Proyectos/Proyecto #1/Scrabble/ServerProject/cmake-build-debug/CMakeFiles/CMakeTmp

Run Build Command:"/usr/bin/make" "cmTC_80393/fast"
/usr/bin/make -f CMakeFiles/cmTC_80393.dir/build.make CMakeFiles/cmTC_80393.dir/build
make[1]: se entra en el directorio '/home/esteban/Documentos/TEC/1S 2019/Algoritomos y estructuras de datos II/4. Proyectos/Proyecto #1/Scrabble/ServerProject/cmake-build-debug/CMakeFiles/CMakeTmp'
make[1]: *** No hay ninguna regla para construir el objetivo '/home/esteban/Documentos/TEC/1S 2019/Algoritomos y estructuras de datos II/4. Proyectos/Proyecto\', necesario para 'CMakeFiles/cmTC_80393.dir/feature_tests.cxx.o'.  Alto.
make[1]: se sale del directorio '/home/esteban/Documentos/TEC/1S 2019/Algoritomos y estructuras de datos II/4. Proyectos/Proyecto #1/Scrabble/ServerProject/cmake-build-debug/CMakeFiles/CMakeTmp'
Makefile:121: recipe for target 'cmTC_80393/fast' failed
make: *** [cmTC_80393/fast] Error 2



Determining if the pthread_create exist failed with the following output:
Change Dir: /home/esteban/Documentos/TEC/1S 2019/Algoritomos y estructuras de datos II/4. Proyectos/Proyecto #1/Scrabble/ServerProject/cmake-build-debug/CMakeFiles/CMakeTmp

Run Build Command:"/usr/bin/make" "cmTC_691ac/fast"
/usr/bin/make -f CMakeFiles/cmTC_691ac.dir/build.make CMakeFiles/cmTC_691ac.dir/build
make[1]: se entra en el directorio '/home/esteban/Documentos/TEC/1S 2019/Algoritomos y estructuras de datos II/4. Proyectos/Proyecto #1/Scrabble/ServerProject/cmake-build-debug/CMakeFiles/CMakeTmp'
Building C object CMakeFiles/cmTC_691ac.dir/CheckSymbolExists.c.o
/usr/bin/cc    -o CMakeFiles/cmTC_691ac.dir/CheckSymbolExists.c.o   -c "/home/esteban/Documentos/TEC/1S 2019/Algoritomos y estructuras de datos II/4. Proyectos/Proyecto #1/Scrabble/ServerProject/cmake-build-debug/CMakeFiles/CMakeTmp/CheckSymbolExists.c"
Linking C executable cmTC_691ac
/opt/clion-2018.3.2/bin/cmake/linux/bin/cmake -E cmake_link_script CMakeFiles/cmTC_691ac.dir/link.txt --verbose=1
/usr/bin/cc      -rdynamic CMakeFiles/cmTC_691ac.dir/CheckSymbolExists.c.o  -o cmTC_691ac 
CMakeFiles/cmTC_691ac.dir/CheckSymbolExists.c.o: En la función `main':
CheckSymbolExists.c:(.text+0x1b): referencia a `pthread_create' sin definir
collect2: error: ld returned 1 exit status
CMakeFiles/cmTC_691ac.dir/build.make:86: recipe for target 'cmTC_691ac' failed
make[1]: *** [cmTC_691ac] Error 1
make[1]: se sale del directorio '/home/esteban/Documentos/TEC/1S 2019/Algoritomos y estructuras de datos II/4. Proyectos/Proyecto #1/Scrabble/ServerProject/cmake-build-debug/CMakeFiles/CMakeTmp'
Makefile:121: recipe for target 'cmTC_691ac/fast' failed
make: *** [cmTC_691ac/fast] Error 2

File /home/esteban/Documentos/TEC/1S 2019/Algoritomos y estructuras de datos II/4. Proyectos/Proyecto #1/Scrabble/ServerProject/cmake-build-debug/CMakeFiles/CMakeTmp/CheckSymbolExists.c:
/* */
#include <pthread.h>

int main(int argc, char** argv)
{
  (void)argv;
#ifndef pthread_create
  return ((int*)(&pthread_create))[argc];
#else
  (void)argc;
  return 0;
#endif
}

Determining if the function pthread_create exists in the pthreads failed with the following output:
Change Dir: /home/esteban/Documentos/TEC/1S 2019/Algoritomos y estructuras de datos II/4. Proyectos/Proyecto #1/Scrabble/ServerProject/cmake-build-debug/CMakeFiles/CMakeTmp

Run Build Command:"/usr/bin/make" "cmTC_99ac8/fast"
/usr/bin/make -f CMakeFiles/cmTC_99ac8.dir/build.make CMakeFiles/cmTC_99ac8.dir/build
make[1]: se entra en el directorio '/home/esteban/Documentos/TEC/1S 2019/Algoritomos y estructuras de datos II/4. Proyectos/Proyecto #1/Scrabble/ServerProject/cmake-build-debug/CMakeFiles/CMakeTmp'
Building C object CMakeFiles/cmTC_99ac8.dir/CheckFunctionExists.c.o
/usr/bin/cc   -DCHECK_FUNCTION_EXISTS=pthread_create   -o CMakeFiles/cmTC_99ac8.dir/CheckFunctionExists.c.o   -c /opt/clion-2018.3.2/bin/cmake/linux/share/cmake-3.13/Modules/CheckFunctionExists.c
Linking C executable cmTC_99ac8
/opt/clion-2018.3.2/bin/cmake/linux/bin/cmake -E cmake_link_script CMakeFiles/cmTC_99ac8.dir/link.txt --verbose=1
/usr/bin/cc  -DCHECK_FUNCTION_EXISTS=pthread_create    -rdynamic CMakeFiles/cmTC_99ac8.dir/CheckFunctionExists.c.o  -o cmTC_99ac8 -lpthreads 
/usr/bin/ld: no se puede encontrar -lpthreads
collect2: error: ld returned 1 exit status
CMakeFiles/cmTC_99ac8.dir/build.make:86: recipe for target 'cmTC_99ac8' failed
make[1]: *** [cmTC_99ac8] Error 1
make[1]: se sale del directorio '/home/esteban/Documentos/TEC/1S 2019/Algoritomos y estructuras de datos II/4. Proyectos/Proyecto #1/Scrabble/ServerProject/cmake-build-debug/CMakeFiles/CMakeTmp'
Makefile:121: recipe for target 'cmTC_99ac8/fast' failed
make: *** [cmTC_99ac8/fast] Error 2


